app/build/outputs/logs/manifest-merger-debug-report.txt
-- Merging decision tree log ---
manifest
ADDED from src\main\AndroidManifest.xml:2:1-63:12
	package
		ADDED from src\main\AndroidManifest.xml:3:5-34
		INJECTED from src\main\AndroidManifest.xml
		INJECTED from src\main\AndroidManifest.xml
	android:versionName
		ADDED from src\main\AndroidManifest.xml:5:5-30
		INJECTED from src\main\AndroidManifest.xml
		INJECTED from src\main\AndroidManifest.xml
	android:versionCode
		ADDED from src\main\AndroidManifest.xml:4:5-28
		INJECTED from src\main\AndroidManifest.xml
		INJECTED from src\main\AndroidManifest.xml
	xmlns:android
		ADDED from src\main\AndroidManifest.xml:2:11-69
uses-sdk
ADDED from src\main\AndroidManifest.xml:7:5-9:41
	android:targetSdkVersion
		ADDED from src\main\AndroidManifest.xml:9:9-38
		INJECTED from src\main\AndroidManifest.xml
		INJECTED from src\main\AndroidManifest.xml
	android:minSdkVersion
		ADDED from src\main\AndroidManifest.xml:8:9-34
		INJECTED from src\main\AndroidManifest.xml
		INJECTED from src\main\AndroidManifest.xml
application
ADDED from src\main\AndroidManifest.xml:11:5-48:16
	android:label
		ADDED from src\main\AndroidManifest.xml:13:9-41
	android:icon
		ADDED from src\main\AndroidManifest.xml:12:9-45
service#cc.icayshorts.troll.killpoccessserve
ADDED from src\main\AndroidManifest.xml:14:3-15:38
	android:name
		ADDED from src\main\AndroidManifest.xml:15:4-36
activity#cc.icayshorts.troll.MainActivity
ADDED from src\main\AndroidManifest.xml:17:9-27:20
	android:label
		ADDED from src\main\AndroidManifest.xml:18:13-45
	android:theme
		ADDED from src\main\AndroidManifest.xml:20:4-62
	android:name
		ADDED from src\main\AndroidManifest.xml:19:13-41
intent-filter#android.intent.action.MAIN+android.intent.category.LAUNCHER
ADDED from src\main\AndroidManifest.xml:22:13-26:29
action#android.intent.action.MAIN
ADDED from src\main\AndroidManifest.xml:23:17-69
	android:name
		ADDED from src\main\AndroidManifest.xml:23:25-66
category#android.intent.category.LAUNCHER
ADDED from src\main\AndroidManifest.xml:25:17-77
	android:name
		ADDED from src\main\AndroidManifest.xml:25:27-74
receiver#cc.icayshorts.troll.BootBroadcastReceiver
ADDED from src\main\AndroidManifest.xml:28:3-46:14
	android:name
		ADDED from src\main\AndroidManifest.xml:29:4-41
intent-filter#android.intent.ACTION_SCREEN_OFF+android.intent.action.BOOT_COMPLETED+android.intent.action.BOOT_COMPLETED+android.intent.category.HOME+android.net.conn.CONNECTIVITY_CHANGE+android.net.wifi.STATE_CHANGE+android.net.wifi.WIFI_STATE_CHANGED
ADDED from src\main\AndroidManifest.xml:30:4-45:20
action#android.intent.action.BOOT_COMPLETED
ADDED from src\main\AndroidManifest.xml:31:5-32:59
	android:name
		ADDED from src\main\AndroidManifest.xml:32:6-57
action#android.intent.ACTION_SCREEN_OFF
ADDED from src\main\AndroidManifest.xml:35:5-36:55
	android:name
		ADDED from src\main\AndroidManifest.xml:36:6-53
action#android.net.conn.CONNECTIVITY_CHANGE
ADDED from src\main\AndroidManifest.xml:37:5-38:60
	android:name
		ADDED from src\main\AndroidManifest.xml:38:6-57
action#android.net.wifi.WIFI_STATE_CHANGED
ADDED from src\main\AndroidManifest.xml:39:5-40:59
	android:name
		ADDED from src\main\AndroidManifest.xml:40:6-56
action#android.net.wifi.STATE_CHANGE
ADDED from src\main\AndroidManifest.xml:41:5-42:53
	android:name
		ADDED from src\main\AndroidManifest.xml:42:6-50
category#android.intent.category.HOME
ADDED from src\main\AndroidManifest.xml:43:5-44:52
	android:name
		ADDED from src\main\AndroidManifest.xml:44:6-49
uses-permission#android.permission.ACCESS_WIFI_STATE
ADDED from src\main\AndroidManifest.xml:50:2-73
	android:name
		ADDED from src\main\AndroidManifest.xml:50:19-70
uses-permission#android.permission.CHANGE_WIFI_STATE
ADDED from src\main\AndroidManifest.xml:51:2-73
	android:name
		ADDED from src\main\AndroidManifest.xml:51:19-70
uses-permission#android.permission.RECEIVE_BOOT_COMPLETED
ADDED from src\main\AndroidManifest.xml:52:2-94
	android:name
		ADDED from src\main\AndroidManifest.xml:52:19-75
uses-permission#android.permission.KILL_BACKGROUND_PROCESSES
ADDED from src\main\AndroidManifest.xml:53:2-97
	android:name
		ADDED from src\main\AndroidManifest.xml:53:19-78
uses-permission#android.permission.GET_TASKS
ADDED from src\main\AndroidManifest.xml:54:2-64
	android:name
		ADDED from src\main\AndroidManifest.xml:54:19-62
uses-permission#android.permission.WAKE_LOCK
ADDED from src\main\AndroidManifest.xml:55:2-64
	android:name
		ADDED from src\main\AndroidManifest.xml:55:19-62
uses-permission#android.permission.DISABLE_KEYGUARD
ADDED from src\main\AndroidManifest.xml:56:2-71
	android:name
		ADDED from src\main\AndroidManifest.xml:56:19-69
uses-permission#android.permission.SYSTEM_ALERT_WINDOW
ADDED from src\main\AndroidManifest.xml:57:2-74
	android:name
		ADDED from src\main\AndroidManifest.xml:57:19-72